<?xml version="1.0" encoding="UTF-8"?>
<testsuite xmlns:xsi="http://www.w3.org/2001/XMLSchema-instance" xsi:noNamespaceSchemaLocation="https://maven.apache.org/surefire/maven-surefire-plugin/xsd/surefire-test-report-3.0.xsd" version="3.0" name="automatizado.tests.GoogleTest" time="3.903" tests="1" errors="0" skipped="0" failures="0">
  <properties>
[...]
</properties>
  <testcase name="devePesquisarNoDuckDuckGo" classname="automatizado.tests.GoogleTest" time="3.893">
    <system-err><![CDATA[Starting ChromeDriver 143.0.7499.169 (164b20aab62509dad21fd46383951aeec084ad1e-refs/branch-heads/7499@{#3399}) on port 56268
Only local connections are allowed.
Please see https://chromedriver.chromium.org/security-considerations for suggestions on keeping ChromeDriver safe.
ChromeDriver was started successfully on port 56268.
[1769182925.176][WARNING]: This version of ChromeDriver has not been tested with Chrome version 144.
jan. 23, 2026 12:42:05 PM org.openqa.selenium.remote.ProtocolHandshake createSession
INFORMAÇÕES: Detected dialect: W3C
]]></system-err>
  </testcase>
</testsuite>